\BOOKMARK [0][-]{chapter.1}{\376\377\000B\000a\000s\000i\000c\000\040\000C\000o\000u\000r\000s\000e\000\040\000i\000n\000\040\000M\000a\000t\000h\000e\000m\000a\000t\000i\000c\000s}{}% 1
\BOOKMARK [1][-]{section.1.1}{\376\377\000B\000a\000s\000i\000c}{chapter.1}% 2
\BOOKMARK [2][-]{subsection.1.1.1}{\376\377\000M\000\344\000n\000g\000d\000e\000r}{section.1.1}% 3
\BOOKMARK [2][-]{subsection.1.1.2}{\376\377\000P\000o\000t\000e\000n\000s\000l\000a\000g\000a\000r}{section.1.1}% 4
\BOOKMARK [2][-]{subsection.1.1.3}{\376\377\000L\000o\000g\000a\000r\000i\000t\000m\000e\000r}{section.1.1}% 5
\BOOKMARK [2][-]{subsection.1.1.4}{\376\377\000T\000i\000l\000l\000v\000\344\000g\000a\000g\000\345\000n\000g\000s\000\040\000s\000\344\000t\000t}{section.1.1}% 6
\BOOKMARK [2][-]{subsection.1.1.5}{\376\377\000I\000n\000t\000e\000r\000v\000a\000l\000l}{section.1.1}% 7
\BOOKMARK [2][-]{subsection.1.1.6}{\376\377\000T\000i\000l\000l\000v\000\344\000g\000a\000g\000\345\000n\000g\000s\000\040\000s\000\344\000t\000t}{section.1.1}% 8
\BOOKMARK [1][-]{section.1.2}{\376\377\000K\000o\000m\000p\000l\000e\000x\000a\000\040\000t\000a\000l}{chapter.1}% 9
\BOOKMARK [2][-]{subsection.1.2.1}{\376\377\000P\000o\000l\000\344\000r\000f\000o\000r\000m}{section.1.2}% 10
\BOOKMARK [1][-]{section.1.3}{\376\377\000A\000b\000s\000o\000l\000u\000t\000\040\000B\000e\000l\000o\000p\000p}{chapter.1}% 11
\BOOKMARK [2][-]{subsection.1.3.1}{\376\377\000T\000i\000l\000l\000v\000\344\000g\000a\000g\000\345\000n\000g\000s\000\040\000s\000\344\000t\000t}{section.1.3}% 12
\BOOKMARK [1][-]{section.1.4}{\376\377\000S\000u\000m\000m\000o\000r}{chapter.1}% 13
\BOOKMARK [2][-]{subsection.1.4.1}{\376\377\000A\000r\000i\000t\000m\000e\000t\000i\000s\000k\000a\000\040\000s\000u\000m\000m\000o\000r}{section.1.4}% 14
\BOOKMARK [2][-]{subsection.1.4.2}{\376\377\000G\000e\000o\000m\000e\000t\000r\000i\000s\000k\000a\000\040\000s\000u\000m\000m\000o\000r}{section.1.4}% 15
\BOOKMARK [2][-]{subsection.1.4.3}{\376\377\000T\000i\000l\000l\000v\000\344\000g\000a\000g\000\345\000n\000g\000s\000\040\000s\000\344\000t\000t}{section.1.4}% 16
\BOOKMARK [1][-]{section.1.5}{\376\377\000K\000o\000m\000b\000i\000n\000a\000t\000o\000r\000i\000k}{chapter.1}% 17
\BOOKMARK [2][-]{subsection.1.5.1}{\376\377\000M\000u\000l\000t\000i\000p\000l\000i\000k\000a\000t\000i\000o\000n\000s\000\040\000p\000r\000i\000n\000c\000i\000p\000e\000n}{section.1.5}% 18
\BOOKMARK [2][-]{subsection.1.5.2}{\376\377\000K\000o\000m\000b\000i\000n\000a\000t\000i\000o\000n\000e\000r}{section.1.5}% 19
\BOOKMARK [2][-]{subsection.1.5.3}{\376\377\000B\000i\000n\000o\000m\000i\000a\000l\000\040\000s\000a\000t\000s\000e\000n}{section.1.5}% 20
\BOOKMARK [1][-]{section.1.6}{\376\377\000F\000u\000n\000k\000t\000i\000o\000n\000e\000r\000\040\000o\000c\000h\000\040\000k\000o\000r\000d\000i\000n\000a\000t\000s\000y\000s\000t\000e\000m}{chapter.1}% 21
\BOOKMARK [2][-]{subsection.1.6.1}{\376\377\000A\000v\000s\000t\000\345\000n\000d\000s\000f\000o\000r\000m\000e\000l\000n}{section.1.6}% 22
\BOOKMARK [2][-]{subsection.1.6.2}{\376\377\000E\000l\000i\000p\000s\000e\000r}{section.1.6}% 23
\BOOKMARK [1][-]{section.1.7}{\376\377\000P\000o\000l\000y\000n\000o\000m\000\040\000d\000i\000v\000i\000s\000i\000o\000n}{chapter.1}% 24
\BOOKMARK [2][-]{subsection.1.7.1}{\376\377\000T\000i\000l\000l\000v\000\344\000g\000a\000g\000\345\000n\000g\000s\000\040\000s\000\344\000t\000t}{section.1.7}% 25
\BOOKMARK [1][-]{section.1.8}{\376\377\000T\000r\000i\000g\000o\000n\000o\000m\000e\000t\000r\000i}{chapter.1}% 26
\BOOKMARK [2][-]{subsection.1.8.1}{\376\377\000T\000i\000l\000l\000v\000\344\000g\000a\000g\000\345\000n\000g\000s\000\040\000s\000\344\000t\000t}{section.1.8}% 27
\BOOKMARK [0][-]{chapter.2}{\376\377\000P\000r\000o\000g\000r\000a\000m\000\040\000D\000e\000s\000i\000g\000n\000\040\000a\000n\000d\000\040\000D\000a\000t\000a\000\040\000S\000t\000r\000u\000c\000t\000u\000r\000e\000s}{}% 28
\BOOKMARK [1][-]{section.2.1}{\376\377\000C\000o\000d\000i\000n\000g\000\040\000c\000o\000n\000v\000e\000n\000s\000i\000o\000n}{chapter.2}% 29
\BOOKMARK [1][-]{section.2.2}{\376\377\000D\000e\000s\000i\000g\000n\000\040\000a\000p\000p\000r\000o\000a\000c\000h}{chapter.2}% 30
\BOOKMARK [2][-]{subsection.2.2.1}{\376\377\000P\000r\000o\000c\000e\000s\000s}{section.2.2}% 31
\BOOKMARK [1][-]{section.2.3}{\376\377\000R\000e\000c\000u\000r\000s\000i\000o\000n}{chapter.2}% 32
\BOOKMARK [2][-]{subsection.2.3.1}{\376\377\000R\000e\000c\000u\000r\000s\000i\000o\000n\000\040\000t\000y\000p\000e\000s}{section.2.3}% 33
\BOOKMARK [1][-]{section.2.4}{\376\377\000C\000o\000m\000p\000l\000e\000x\000i\000t\000y}{chapter.2}% 34
\BOOKMARK [2][-]{subsection.2.4.1}{\376\377\000G\000r\000o\000w\000t\000h}{section.2.4}% 35
\BOOKMARK [1][-]{section.2.5}{\376\377\000R\000e\000c\000u\000r\000r\000e\000n\000c\000e\000s}{chapter.2}% 36
\BOOKMARK [2][-]{subsection.2.5.1}{\376\377\000C\000l\000o\000s\000e\000d\000\040\000F\000o\000r\000m}{section.2.5}% 37
\BOOKMARK [1][-]{section.2.6}{\376\377\000H\000i\000g\000h\000e\000r\000-\000O\000r\000d\000e\000r\000\040\000F\000u\000n\000c\000t\000i\000o\000n}{chapter.2}% 38
\BOOKMARK [2][-]{subsection.2.6.1}{\376\377\000H\000i\000g\000h\000e\000r\000-\000O\000r\000d\000e\000r\000\040\000F\000u\000n\000c\000t\000i\000o\000n\000s\000\040\000o\000n\000\040\000L\000i\000s\000t\000s}{section.2.6}% 39
\BOOKMARK [1][-]{section.2.7}{\376\377\000D\000a\000t\000a\000\040\000t\000y\000p\000e\000s}{chapter.2}% 40
\BOOKMARK [2][-]{subsection.2.7.1}{\376\377\000B\000a\000s\000i\000c}{section.2.7}% 41
\BOOKMARK [2][-]{subsection.2.7.2}{\376\377\000M\000a\000y\000b\000e\000\040\000T\000y\000p\000e}{section.2.7}% 42
\BOOKMARK [2][-]{subsection.2.7.3}{\376\377\000N\000e\000w\000\040\000t\000y\000p\000e\000s\000\040\000a\000n\000d\000\040\000e\000n\000u\000m\000e\000r\000a\000t\000i\000o\000n\000\040\000t\000y\000p\000e\000s}{section.2.7}% 43
\BOOKMARK [2][-]{subsection.2.7.4}{\376\377\000I\000n\000d\000u\000c\000t\000i\000v\000e\000\040\000D\000a\000t\000a\000\040\000T\000y\000p\000e\000s}{section.2.7}% 44
\BOOKMARK [2][-]{subsection.2.7.5}{\376\377\000T\000r\000e\000e\000s}{section.2.7}% 45
\BOOKMARK [2][-]{subsection.2.7.6}{\376\377\000O\000t\000h\000e\000r\000\040\000d\000a\000t\000a\000\040\000t\000y\000p\000e\000s}{section.2.7}% 46
\BOOKMARK [2][-]{subsection.2.7.7}{\376\377\000G\000r\000a\000p\000h\000s}{section.2.7}% 47
\BOOKMARK [1][-]{section.2.8}{\376\377\000I\000m\000p\000o\000r\000t\000a\000n\000t\000\040\000s\000y\000n\000t\000a\000x}{chapter.2}% 48
\BOOKMARK [2][-]{subsection.2.8.1}{\376\377\000L\000e\000t}{section.2.8}% 49
\BOOKMARK [2][-]{subsection.2.8.2}{\376\377\000I\000O}{section.2.8}% 50
\BOOKMARK [1][-]{section.2.9}{\376\377\000S\000o\000r\000t\000i\000n\000g\000\040\000A\000l\000g\000o\000r\000i\000t\000h\000m\000s}{chapter.2}% 51
\BOOKMARK [0][-]{chapter.3}{\376\377\000A\000l\000g\000e\000b\000r\000a\000\040\0001}{}% 52
\BOOKMARK [1][-]{section.3.1}{\376\377\000l\000o\000g\000i\000k}{chapter.3}% 53
\BOOKMARK [2][-]{subsection.3.1.1}{\376\377\000v\000\344\000r\000d\000e\000\040\000t\000a\000b\000e\000l\000l\000e\000r}{section.3.1}% 54
\BOOKMARK [2][-]{subsection.3.1.2}{\376\377\000I\000m\000p\000l\000i\000k\000a\000t\000i\000o\000n\000e\000r}{section.3.1}% 55
\BOOKMARK [1][-]{section.3.2}{\376\377\000M\000\344\000n\000g\000d\000e\000r}{chapter.3}% 56
\BOOKMARK [1][-]{section.3.3}{\376\377\000B\000e\000v\000i\000s}{chapter.3}% 57
\BOOKMARK [2][-]{subsection.3.3.1}{\376\377\000I\000n\000d\000u\000k\000t\000i\000o\000n\000s\000\040\000b\000e\000v\000i\000s}{section.3.3}% 58
\BOOKMARK [2][-]{subsection.3.3.2}{\376\377\000M\000o\000t\000s\000\344\000g\000e\000l\000s\000e\000\040\000b\000e\000v\000i\000s}{section.3.3}% 59
\BOOKMARK [1][-]{section.3.4}{\376\377\000D\000e\000l\000b\000a\000r\000h\000e\000t}{chapter.3}% 60
\BOOKMARK [2][-]{subsection.3.4.1}{\376\377\000S\000t\000\366\000r\000s\000t\000a\000\040\000G\000e\000m\000e\000n\000s\000a\000m\000a\000\040\000D\000e\000l\000a\000r\000e\000n\000\040\000\050\000S\000G\000D\000\051}{section.3.4}% 61
\BOOKMARK [2][-]{subsection.3.4.2}{\376\377\000P\000r\000i\000m\000t\000a\000l}{section.3.4}% 62
\BOOKMARK [1][-]{section.3.5}{\376\377\000D\000i\000o\000f\000a\000n\000t\000i\000s\000k\000a\000\040\000e\000k\000v\000a\000t\000i\000o\000n\000e\000r}{chapter.3}% 63
\BOOKMARK [1][-]{section.3.6}{\376\377\000T\000a\000l\000b\000a\000s\000e\000r}{chapter.3}% 64
\BOOKMARK [2][-]{subsection.3.6.1}{\376\377\000k\000o\000n\000v\000e\000r\000t\000e\000r\000a\000\040\000f\000r\000\345\000n\000\040\000d\000e\000c\000i\000m\000a\000l\000\040\000b\000a\000s\000s\000\040\000t\000i\000l\000l\000\040\000a\000n\000n\000a\000n\000\040\000b\000a\000s}{section.3.6}% 65
\BOOKMARK [2][-]{subsection.3.6.2}{\376\377\000k\000o\000n\000v\000e\000r\000t\000e\000r\000a\000\040\000f\000r\000\345\000n\000\040\000a\000n\000n\000a\000n\000\040\000b\000a\000s\000\040\000t\000i\000l\000l\000\040\000d\000e\000c\000i\000m\000a\000l\000\040\000b\000a\000s}{section.3.6}% 66
\BOOKMARK [2][-]{subsection.3.6.3}{\376\377\000A\000n\000d\000r\000a\000\040\000e\000x\000e\000m\000p\000e\000l}{section.3.6}% 67
\BOOKMARK [1][-]{section.3.7}{\376\377\000F\000u\000n\000c\000t\000i\000o\000n\000e\000r}{chapter.3}% 68
\BOOKMARK [2][-]{subsection.3.7.1}{\376\377\000I\000n\000v\000e\000r\000s\000e\000n}{section.3.7}% 69
\BOOKMARK [2][-]{subsection.3.7.2}{\376\377\000R\000e\000l\000a\000t\000i\000o\000i\000n\000e\000r}{section.3.7}% 70
\BOOKMARK [1][-]{section.3.8}{\376\377\000S\000u\000m\000m\000o\000r}{chapter.3}% 71
\BOOKMARK [2][-]{subsection.3.8.1}{\376\377\000A\000r\000i\000t\000m\000e\000t\000i\000s\000k\000a\000\040\000s\000u\000m\000m\000o\000r}{section.3.8}% 72
\BOOKMARK [2][-]{subsection.3.8.2}{\376\377\000G\000e\000o\000m\000e\000t\000r\000i\000s\000k\000a\000\040\000s\000u\000m\000m\000o\000r}{section.3.8}% 73
\BOOKMARK [1][-]{section.3.9}{\376\377\000K\000o\000n\000g\000r\000u\000e\000n\000s\000r\000\344\000k\000n\000i\000n\000g}{chapter.3}% 74
\BOOKMARK [1][-]{section.3.10}{\376\377\000K\000a\000r\000d\000i\000n\000a\000l\000i\000t\000e\000t}{chapter.3}% 75
\BOOKMARK [2][-]{subsection.3.10.1}{\376\377\000U\000p\000p\000r\000\344\000k\000n\000e\000l\000i\000g\000a\000m\000\344\000n\000g\000d\000e\000r}{section.3.10}% 76
\BOOKMARK [1][-]{section.3.11}{\376\377\000P\000o\000l\000y\000n\000o\000m}{chapter.3}% 77
\BOOKMARK [2][-]{subsection.3.11.1}{\376\377\000P\000o\000l\000y\000n\000o\000m\000\040\000d\000i\000v\000i\000s\000i\000o\000n}{section.3.11}% 78
\BOOKMARK [2][-]{subsection.3.11.2}{\376\377\000F\000a\000k\000t\000o\000r\000s\000a\000t\000s\000e\000n}{section.3.11}% 79
\BOOKMARK [0][-]{chapter.4}{\376\377\000S\000i\000n\000g\000l\000e\000\040\000V\000a\000r\000i\000a\000b\000l\000e\000\040\000C\000a\000l\000c\000u\000l\000u\000s}{}% 80
\BOOKMARK [1][-]{section.4.1}{\376\377\000B\000a\000s\000i\000c}{chapter.4}% 81
\BOOKMARK [2][-]{subsection.4.1.1}{\376\377\000M\000\344\000n\000g\000d\000e\000r}{section.4.1}% 82
\BOOKMARK [2][-]{subsection.4.1.2}{\376\377\000I\000n\000t\000e\000r\000v\000a\000l\000l}{section.4.1}% 83
\BOOKMARK [2][-]{subsection.4.1.3}{\376\377\000F\000u\000n\000k\000t\000i\000o\000n}{section.4.1}% 84
\BOOKMARK [2][-]{subsection.4.1.4}{\376\377\000T\000r\000i\000g\000o\000n\000o\000m\000e\000t\000r\000i}{section.4.1}% 85
\BOOKMARK [2][-]{subsection.4.1.5}{\376\377\000E\000x\000e\000m\000p\000e\000l\000:\000\040\000T\000r\000i\000g\000o\000n\000o\000m\000e\000t\000r\000i}{section.4.1}% 86
\BOOKMARK [1][-]{section.4.2}{\376\377\000G\000r\000\344\000n\000s\000v\000\344\000r\000d\000e\000n}{chapter.4}% 87
\BOOKMARK [2][-]{subsection.4.2.1}{\376\377\000K\000o\000n\000t\000i\000n\000u\000i\000t\000e\000t}{section.4.2}% 88
\BOOKMARK [1][-]{section.4.3}{\376\377\000D\000e\000r\000i\000v\000a\000t\000o\000r}{chapter.4}% 89
\BOOKMARK [2][-]{subsection.4.3.1}{\376\377\000K\000j\000e\000d\000j\000e\000\040\000r\000e\000g\000e\000l\000n}{section.4.3}% 90
\BOOKMARK [2][-]{subsection.4.3.2}{\376\377\000L\000'\000H\000\364\000p\000i\000t\000a\000l\000'\000s\000\040\000r\000u\000l\000e}{section.4.3}% 91
\BOOKMARK [2][-]{subsection.4.3.3}{\376\377\000M\000e\000d\000e\000l\000v\000\344\000r\000d\000e\000s\000s\000a\000t\000s\000e\000n}{section.4.3}% 92
\BOOKMARK [2][-]{subsection.4.3.4}{\376\377\000R\000o\000l\000l\000e}{section.4.3}% 93
\BOOKMARK [2][-]{subsection.4.3.5}{\376\377\000v\000\344\000x\000a\000n\000d\000e\000\040\000f\000u\000n\000k\000t\000i\000o\000n\000e\000r}{section.4.3}% 94
\BOOKMARK [2][-]{subsection.4.3.6}{\376\377\000H\000\366\000g\000r\000e\000o\000r\000d\000n\000i\000n\000g\000s\000\040\000d\000e\000v\000i\000v\000a\000t\000o\000r}{section.4.3}% 95
\BOOKMARK [2][-]{subsection.4.3.7}{\376\377\000I\000m\000p\000e\000r\000i\000c\000i\000t\000\040\000d\000e\000r\000i\000v\000e\000r\000i\000n\000g}{section.4.3}% 96
\BOOKMARK [2][-]{subsection.4.3.8}{\376\377\000i\000n\000v\000e\000r\000s\000\040\000f\000u\000n\000k\000t\000i\000o\000n\000e\000r}{section.4.3}% 97
\BOOKMARK [2][-]{subsection.4.3.9}{\376\377\000e\000x\000p\000o\000n\000e\000t\000i\000a\000l\000\040\000o\000c\000h\000\040\000l\000o\000g\000a\000r\000i\000t\000m}{section.4.3}% 98
\BOOKMARK [2][-]{subsection.4.3.10}{\376\377\000o\000d\000e\000f\000i\000n\000e\000r\000a\000d\000\040\000f\000o\000r\000m}{section.4.3}% 99
\BOOKMARK [2][-]{subsection.4.3.11}{\376\377\000i\000n\000v\000e\000r\000s\000a\000\040\000t\000r\000i\000g\000o\000m\000e\000t\000r\000i\000s\000k\000a\000\040\000f\000u\000n\000k\000t\000i\000o\000n\000e\000r}{section.4.3}% 100
\BOOKMARK [1][-]{section.4.4}{\376\377\000G\000r\000a\000f\000r\000i\000t\000n\000i\000n\000g}{chapter.4}% 101
\BOOKMARK [1][-]{section.4.5}{\376\377\000O\000p\000t\000e\000m\000e\000r\000i\000n\000g}{chapter.4}% 102
\BOOKMARK [1][-]{section.4.6}{\376\377\000T\000a\000l\000f\000\366\000l\000d\000e\000r\000\040\000o\000c\000h\000\040\000s\000e\000r\000i\000e\000r}{chapter.4}% 103
\BOOKMARK [2][-]{subsection.4.6.1}{\376\377\000S\000e\000r\000i\000e\000r\000\040\000m\000e\000d\000\040\000v\000a\000r\000i\000e\000r\000a\000n\000d\000e\000\040\000t\000e\000c\000k\000e\000n}{section.4.6}% 104
\BOOKMARK [2][-]{subsection.4.6.2}{\376\377\000P\000o\000t\000e\000n\000s\000s\000e\000r\000i\000e\000r}{section.4.6}% 105
\BOOKMARK [2][-]{subsection.4.6.3}{\376\377\000T\000a\000y\000l\000o\000r\000\040\000s\000e\000r\000i\000e\000r}{section.4.6}% 106
\BOOKMARK [1][-]{section.4.7}{\376\377\000I\000n\000t\000e\000g\000r\000a\000l\000e\000r}{chapter.4}% 107
\BOOKMARK [2][-]{subsection.4.7.1}{\376\377\000v\000a\000r\000i\000a\000b\000e\000l\000s\000u\000b\000s\000t\000i\000t\000i\000o\000n}{section.4.7}% 108
\BOOKMARK [2][-]{subsection.4.7.2}{\376\377\000I\000n\000t\000e\000g\000r\000a\000t\000i\000o\000n\000\040\000a\000v\000\040\000r\000a\000t\000i\000o\000n\000e\000l\000l\000a\000\040\000f\000u\000n\000k\000t\000i\000o\000n\000e\000r}{section.4.7}% 109
\BOOKMARK [2][-]{subsection.4.7.3}{\376\377\000P\000a\000r\000t\000i\000e\000l\000l\000\040\000i\000n\000t\000e\000g\000r\000a\000t\000i\000o\000n}{section.4.7}% 110
\BOOKMARK [2][-]{subsection.4.7.4}{\376\377\000G\000e\000n\000e\000r\000a\000l\000i\000s\000e\000r\000a\000n\000d\000e\000\040\000i\000n\000t\000e\000g\000r\000a\000l\000e\000r}{section.4.7}% 111
\BOOKMARK [2][-]{subsection.4.7.5}{\376\377\000V\000o\000l\000y\000m\000b\000e\000r\000\344\000k\000n\000i\000n\000g\000a\000r}{section.4.7}% 112
\BOOKMARK [1][-]{section.4.8}{\376\377\000D\000i\000f\000f\000e\000r\000e\000n\000t\000i\000a\000l\000\040\000e\000k\000v\000a\000t\000i\000o\000n\000e\000r}{chapter.4}% 113
\BOOKMARK [2][-]{subsection.4.8.1}{\376\377\000s\000u\000p\000e\000r\000a\000b\000l\000a\000\040\000e\000k\000v\000a\000t\000i\000o\000n\000e\000r}{section.4.8}% 114
\BOOKMARK [2][-]{subsection.4.8.2}{\376\377\000L\000i\000n\000j\000\344\000r\000a\000\040\000d\000i\000f\000f\000e\000r\000e\000n\000t\000i\000a\000l\000e\000k\000v\000a\000t\000i\000o\000n\000e\000r\000\040\000a\000v\000\040\000o\000r\000d\000n\000i\000n\000g\000\040\0001}{section.4.8}% 115
\BOOKMARK [2][-]{subsection.4.8.3}{\376\377\000L\000i\000n\000j\000\344\000r\000a\000\040\000d\000i\000f\000f\000e\000r\000e\000n\000t\000i\000a\000l\000e\000k\000v\000a\000t\000i\000o\000n\000e\000r\000\040\000a\000v\000\040\000o\000r\000d\000n\000i\000n\000g\000\040\0002}{section.4.8}% 116
\BOOKMARK [0][-]{chapter.5}{\376\377\000C\000o\000m\000p\000u\000t\000e\000r\000\040\000A\000r\000c\000h\000i\000t\000e\000c\000t\000u\000r\000e}{}% 117
\BOOKMARK [1][-]{section.5.1}{\376\377\000I\000S\000A\0001}{chapter.5}% 118
\BOOKMARK [2][-]{subsection.5.1.1}{\376\377\000M\000I\000P\000S\000\040\000i\000n\000s\000t\000r\000u\000c\000t\000i\000o\000n\000s}{section.5.1}% 119
\BOOKMARK [2][-]{subsection.5.1.2}{\376\377\000S\000e\000q\000u\000e\000n\000c\000i\000n\000g}{section.5.1}% 120
\BOOKMARK [2][-]{subsection.5.1.3}{\376\377\000C\000o\000n\000v\000e\000r\000g\000e\000\040\000t\000o\000\040\000A\000s\000s\000a\000m\000b\000l\000y\000\040\000c\000o\000d\000e}{section.5.1}% 121
\BOOKMARK [1][-]{section.5.2}{\376\377\000I\000S\000A\0002}{chapter.5}% 122
\BOOKMARK [2][-]{subsection.5.2.1}{\376\377\000M\000I\000P\000S\000\040\000t\000y\000p\000e\000\040\000f\000o\000r\000m\000a\000t}{section.5.2}% 123
\BOOKMARK [2][-]{subsection.5.2.2}{\376\377\000P\000r\000o\000c\000e\000d\000u\000r\000e}{section.5.2}% 124
\BOOKMARK [2][-]{subsection.5.2.3}{\376\377\000O\000t\000h\000e\000r\000\040\000I\000S\000A}{section.5.2}% 125
\BOOKMARK [1][-]{section.5.3}{\376\377\000A\000r\000i\000t\000h\000e\000t\000i\000c}{chapter.5}% 126
\BOOKMARK [2][-]{subsection.5.3.1}{\376\377\000B\000i\000n\000a\000r\000y\000\040\000n\000u\000m\000b\000e\000r\000s}{section.5.3}% 127
\BOOKMARK [2][-]{subsection.5.3.2}{\376\377\000N\000e\000g\000a\000t\000i\000v\000e\000\040\000i\000n\000t\000e\000g\000e\000s}{section.5.3}% 128
\BOOKMARK [2][-]{subsection.5.3.3}{\376\377\000O\000p\000o\000r\000a\000t\000i\000o\000n\000s}{section.5.3}% 129
\BOOKMARK [2][-]{subsection.5.3.4}{\376\377\000N\000o\000n\000\040\000i\000n\000t\000e\000g\000e\000r\000\040\000n\000u\000m\000b\000e\000r\000s\000\040\000\050\000F\000l\000o\000a\000t\000i\000n\000g\000\040\000a\000n\000d\000\040\000f\000i\000x\000e\000d\000\040\000p\000o\000i\000n\000t\000\051}{section.5.3}% 130
\BOOKMARK [2][-]{subsection.5.3.5}{\376\377\000O\000v\000e\000r\000f\000l\000o\000w}{section.5.3}% 131
\BOOKMARK [1][-]{section.5.4}{\376\377\000L\000o\000g\000i\000c}{chapter.5}% 132
\BOOKMARK [1][-]{section.5.5}{\376\377\000p\000r\000o\000c\000e\000s\000s\000o\000r\000\040\000c\000o\000n\000t\000r\000o\000l\000\040\000a\000n\000d\000\040\000d\000a\000t\000a\000p\000a\000t\000h}{chapter.5}% 133
\BOOKMARK [2][-]{subsection.5.5.1}{\376\377\000C\000l\000o\000c\000k}{section.5.5}% 134
\BOOKMARK [2][-]{subsection.5.5.2}{\376\377\000C\000r\000i\000t\000i\000c\000a\000l\000\040\000p\000a\000t\000h}{section.5.5}% 135
\BOOKMARK [1][-]{section.5.6}{\376\377\000p\000i\000p\000l\000i\000n\000e}{chapter.5}% 136
\BOOKMARK [1][-]{section.5.7}{\376\377\000P\000i\000p\000l\000i\000n\000e\000\040\000h\000a\000z\000a\000r\000d\000s}{chapter.5}% 137
\BOOKMARK [2][-]{subsection.5.7.1}{\376\377\000D\000a\000t\000a\000\040\000h\000a\000z\000a\000r\000d\000s}{section.5.7}% 138
\BOOKMARK [2][-]{subsection.5.7.2}{\376\377\000C\000o\000n\000t\000r\000o\000l\000\040\000h\000a\000z\000a\000r\000d\000s}{section.5.7}% 139
\BOOKMARK [2][-]{subsection.5.7.3}{\376\377\000S\000t\000r\000u\000c\000t\000u\000r\000a\000l\000\040\000h\000a\000z\000a\000r\000d\000s}{section.5.7}% 140
\BOOKMARK [1][-]{section.5.8}{\376\377\000P\000r\000e\000d\000i\000c\000t\000i\000n\000g\000\040\000B\000r\000a\000n\000c\000h\000e\000s\000\040\000a\000n\000d\000\040\000E\000x\000c\000e\000p\000t\000i\000o\000n\000s}{chapter.5}% 141
\BOOKMARK [2][-]{subsection.5.8.1}{\376\377\000S\000t\000a\000t\000i\000c\000\040\000p\000r\000i\000d\000i\000c\000t\000o\000r\000s}{section.5.8}% 142
\BOOKMARK [2][-]{subsection.5.8.2}{\376\377\000D\000y\000n\000a\000m\000i\000c\000\040\000p\000r\000i\000d\000i\000c\000t\000o\000r\000s}{section.5.8}% 143
\BOOKMARK [2][-]{subsection.5.8.3}{\376\377\000E\000x\000c\000e\000p\000t\000i\000o\000n\000s}{section.5.8}% 144
\BOOKMARK [1][-]{section.5.9}{\376\377\000I\000n\000p\000u\000t\000/\000O\000u\000t\000p\000u\000t}{chapter.5}% 145
\BOOKMARK [1][-]{section.5.10}{\376\377\000C\000a\000c\000h\000e}{chapter.5}% 146
\BOOKMARK [2][-]{subsection.5.10.1}{\376\377\000M\000e\000m\000o\000r\000y\000\040\000h\000i\000e\000r\000a\000r\000c\000h\000y}{section.5.10}% 147
\BOOKMARK [2][-]{subsection.5.10.2}{\376\377\000C\000a\000c\000h\000e\000\040\000m\000i\000s\000s\000e\000s\000\040\0003\000C\000'\000s}{section.5.10}% 148
\BOOKMARK [1][-]{section.5.11}{\376\377\000V\000i\000r\000t\000u\000a\000l\000\040\000M\000e\000m\000o\000r\000y}{chapter.5}% 149
\BOOKMARK [1][-]{section.5.12}{\376\377\000P\000a\000r\000a\000l\000l\000i\000s\000m}{chapter.5}% 150
\BOOKMARK [2][-]{subsection.5.12.1}{\376\377\000M\000u\000l\000t\000i\000c\000o\000r\000e}{section.5.12}% 151
\BOOKMARK [2][-]{subsection.5.12.2}{\376\377\000P\000a\000r\000a\000l\000e\000l\000\040\000p\000r\000o\000g\000r\000a\000m\000m\000i\000n\000g}{section.5.12}% 152
\BOOKMARK [2][-]{subsection.5.12.3}{\376\377\000S\000y\000n\000c\000h\000r\000o\000n\000i\000z\000a\000t\000i\000o\000n}{section.5.12}% 153
\BOOKMARK [2][-]{subsection.5.12.4}{\376\377\000C\000a\000c\000h\000e\000\040\000c\000o\000h\000e\000r\000e\000n\000c\000y}{section.5.12}% 154
\BOOKMARK [2][-]{subsection.5.12.5}{\376\377\000I\000L\000P}{section.5.12}% 155
\BOOKMARK [0][-]{chapter.6}{\376\377\000P\000r\000o\000b\000a\000b\000i\000l\000i\000t\000y\000\040\000a\000n\000d\000\040\000S\000t\000a\000t\000i\000s\000t\000i\000c\000s\000\040\000D\000V}{}% 156
\BOOKMARK [1][-]{section.6.1}{\376\377\000I\000n\000t\000r\000o\000d\000u\000c\000t\000i\000o\000n}{chapter.6}% 157
\BOOKMARK [2][-]{subsection.6.1.1}{\376\377\000T\000e\000s\000t}{section.6.1}% 158
\BOOKMARK [1][-]{section.6.2}{\376\377\000I\000m\000p\000e\000r\000a\000t\000i\000v\000e\000\040\000p\000r\000o\000g\000r\000a\000m\000m\000i\000n\000g\000\040\000i\000\040\000C}{chapter.6}% 159
\BOOKMARK [2][-]{subsection.6.2.1}{\376\377\000D\000a\000t\000a\000\040\000s\000t\000r\000u\000c\000t\000u\000r\000e\000r}{section.6.2}% 160
\BOOKMARK [1][-]{section.6.3}{\376\377\000O\000b\000j\000e\000c\000t\000-\000O\000r\000i\000e\000n\000t\000e\000d\000\040\000p\000r\000o\000g\000r\000a\000m\000m\000i\000n\000g\000\040\000i\000\040\000J\000a\000v\000a}{chapter.6}% 161
\BOOKMARK [0][-]{chapter.7}{\376\377\000L\000i\000n\000e\000a\000r\000\040\000A\000l\000g\000e\000b\000r\000a\000\040\000a\000n\000d\000\040\000G\000e\000o\000m\000e\000t\000r\000y\000\040\000I}{}% 162
\BOOKMARK [1][-]{section.7.1}{\376\377\000L\000i\000n\000j\000\344\000r\000a\000\040\000e\000k\000v\000a\000t\000i\000o\000n\000s\000s\000y\000s\000t\000e\000m}{chapter.7}% 163
\BOOKMARK [2][-]{subsection.7.1.1}{\376\377\000T\000o\000t\000a\000l\000\040\000M\000a\000t\000r\000i\000s}{section.7.1}% 164
\BOOKMARK [1][-]{section.7.2}{\376\377\000V\000e\000k\000t\000o\000r\000e\000r\000/\000k\000o\000o\000r\000d\000i\000n\000a\000t\000e\000r\000\040\000i\000\040\000p\000l\000a\000n\000e\000t\000\040\000o\000c\000h\000\040\000r\000u\000m\000m\000e\000t}{chapter.7}% 165
\BOOKMARK [2][-]{subsection.7.2.1}{\376\377\000B\000a\000s}{section.7.2}% 166
\BOOKMARK [1][-]{section.7.3}{\376\377\000S\000k\000a\000l\000\344\000r\000p\000r\000o\000d\000u\000k\000t\000\040\000o\000c\000h\000\040\000v\000e\000k\000t\000o\000r\000p\000r\000o\000d\000u\000k\000t}{chapter.7}% 167
\BOOKMARK [2][-]{subsection.7.3.1}{\376\377\000S\000k\000a\000l\000\344\000r\000p\000r\000o\000d\000u\000k\000t}{section.7.3}% 168
\BOOKMARK [2][-]{subsection.7.3.2}{\376\377\000O\000r\000t\000o\000g\000o\000n\000a\000l\000\040\000p\000r\000o\000j\000e\000k\000t\000i\000o\000n}{section.7.3}% 169
\BOOKMARK [2][-]{subsection.7.3.3}{\376\377\000E\000n\000h\000e\000t\000s\000v\000e\000k\000t\000o\000r\000e\000r\000\040\000o\000c\000h\000\040\000O\000N\000-\000b\000a\000s\000e\000r}{section.7.3}% 170
\BOOKMARK [2][-]{subsection.7.3.4}{\376\377\000V\000e\000k\000t\000o\000r\000p\000r\000o\000d\000u\000k\000t\000e\000n}{section.7.3}% 171
\BOOKMARK [2][-]{subsection.7.3.5}{\376\377\000A\000r\000e\000a\000\040\000o\000c\000h\000\040\000V\000o\000l\000y\000m}{section.7.3}% 172
\BOOKMARK [1][-]{section.7.4}{\376\377\000L\000i\000n\000j\000e\000r\000\040\000o\000c\000h\000\040\000p\000l\000a\000n}{chapter.7}% 173
\BOOKMARK [2][-]{subsection.7.4.1}{\376\377\000o\000r\000t\000o\000g\000o\000n\000a\000l\000\040\000p\000r\000o\000j\000e\000k\000t\000i\000o\000n\000\040\000p\000\345\000\040\000p\000l\000a\000n}{section.7.4}% 174
\BOOKMARK [1][-]{section.7.5}{\376\377\000M\000a\000t\000r\000i\000s\000r\000\344\000k\000n\000i\000n\000g}{chapter.7}% 175
\BOOKMARK [2][-]{subsection.7.5.1}{\376\377\000T\000r\000a\000n\000s\000p\000o\000r\000n\000a\000t}{section.7.5}% 176
\BOOKMARK [2][-]{subsection.7.5.2}{\376\377\000M\000a\000t\000r\000i\000s\000i\000n\000v\000e\000r\000s}{section.7.5}% 177
\BOOKMARK [1][-]{section.7.6}{\376\377\000D\000e\000t\000e\000r\000m\000i\000n\000a\000n\000t\000e\000r}{chapter.7}% 178
\BOOKMARK [2][-]{subsection.7.6.1}{\376\377\000K\000o\000-\000f\000a\000k\000t\000o\000r\000n\000a}{section.7.6}% 179
\BOOKMARK [2][-]{subsection.7.6.2}{\376\377\000G\000e\000o\000m\000e\000t\000r\000i\000:\000\040\000p\000a\000r\000a\000l\000l\000e\000l\000l\000e\000p\000i\000p\000e\000d}{section.7.6}% 180
\BOOKMARK [1][-]{section.7.7}{\376\377\000V\000e\000k\000t\000o\000r\000e\000r\000\040\000i\000\040\000R\000n}{chapter.7}% 181
\BOOKMARK [1][-]{section.7.8}{\376\377\000L\000i\000n\000j\000\344\000r\000a\000\040\000a\000v\000b\000i\000l\000d\000n\000i\000n\000g\000a\000r\000\040\000R\000n\000R\000m}{chapter.7}% 182
\BOOKMARK [2][-]{subsection.7.8.1}{\376\377\000M\000a\000t\000r\000i\000s\000t\000r\000a\000n\000s\000f\000o\000r\000m\000a\000t\000i\000o\000n\000e\000r\000\040\000o\000c\000h\000\040\000l\000i\000n\000j\000\344\000r\000a\000\040\000f\000u\000n\000k\000t\000i\000o\000n\000e\000r}{section.7.8}% 183
\BOOKMARK [2][-]{subsection.7.8.2}{\376\377\000I\000n\000j\000e\000k\000t\000i\000v\000/\000S\000u\000r\000j\000e\000k\000t\000i\000v\000/\000B\000i\000j\000e\000k\000t\000i\000v}{section.7.8}% 184
\BOOKMARK [0][-]{chapter.8}{\376\377\000L\000i\000n\000e\000a\000r\000\040\000A\000l\000g\000e\000b\000r\000a\000\040\000I\000I}{}% 185
\BOOKMARK [1][-]{section.8.1}{\376\377\000G\000r\000u\000d\000l\000\344\000g\000g\000a\000n\000d\000e\000\040\000t\000e\000o\000r\000i}{chapter.8}% 186
\BOOKMARK [2][-]{subsection.8.1.1}{\376\377\000E\000k\000v\000a\000t\000i\000o\000n\000s\000s\000y\000s\000t\000e\000m\000\040\000o\000c\000h\000\040\000m\000a\000t\000r\000i\000s\000\040\000r\000\344\000k\000n\000i\000n\000g}{section.8.1}% 187
\BOOKMARK [2][-]{subsection.8.1.2}{\376\377\000d\000e\000t\000e\000r\000m\000i\000n\000a\000n\000t\000e\000r}{section.8.1}% 188
\BOOKMARK [2][-]{subsection.8.1.3}{\376\377\000f\000l\000e\000r\000d\000i\000m\000i\000s\000i\000o\000n\000e\000l\000\040\000d\000v\000s\000\040\000R\000n}{section.8.1}% 189
\BOOKMARK [2][-]{subsection.8.1.4}{\376\377\000F\000u\000n\000k\000t\000i\000o\000n\000e\000r}{section.8.1}% 190
\BOOKMARK [2][-]{subsection.8.1.5}{\376\377\000L\000i\000n\000j\000e\000r}{section.8.1}% 191
\BOOKMARK [1][-]{section.8.2}{\376\377\000V\000e\000k\000t\000o\000r\000r\000u\000m}{chapter.8}% 192
\BOOKMARK [1][-]{section.8.3}{\376\377\000U\000n\000d\000e\000r\000r\000u\000m\000\040\000o\000c\000h\000\040\000l\000i\000n\000j\000\344\000r\000a\000\040\000h\000\366\000l\000j\000e\000t}{chapter.8}% 193
\BOOKMARK [1][-]{section.8.4}{\376\377\000L\000i\000n\000j\000\344\000r\000t\000\040\000o\000b\000e\000r\000o\000e\000n\000d\000e}{chapter.8}% 194
\BOOKMARK [1][-]{section.8.5}{\376\377\000B\000a\000s}{chapter.8}% 195
\BOOKMARK [1][-]{section.8.6}{\376\377\000B\000a\000s\000o\000m\000v\000a\000n\000d\000l\000i\000n\000g}{chapter.8}% 196
\BOOKMARK [1][-]{section.8.7}{\376\377\000L\000i\000n\000j\000\344\000r\000\040\000a\000v\000b\000i\000l\000d\000n\000i\000n\000g}{chapter.8}% 197
\BOOKMARK [1][-]{section.8.8}{\376\377\000M\000a\000t\000r\000i\000s\000e\000n\000\040\000a\000v\000\040\000e\000n\000\040\000l\000i\000n\000j\000\344\000r\000\040\000a\000v\000b\000i\000l\000d\000i\000n\000g}{chapter.8}% 198
\BOOKMARK [1][-]{section.8.9}{\376\377\000B\000a\000s\000b\000y\000t\000e\000\040\000a\000v\000\040\000l\000i\000n\000j\000\344\000r\000a\000\040\000a\000v\000b\000i\000l\000d\000n\000i\000n\000g\000a\000r}{chapter.8}% 199
\BOOKMARK [1][-]{section.8.10}{\376\377\000K\000\344\000r\000n\000a\000\040\000o\000c\000h\000\040\000b\000i\000l\000d\000\040\000a\000v\000\040\000e\000n\000\040\000l\000i\000n\000j\000\344\000r\000\040\000a\000v\000b\000i\000l\000d\000n\000i\000n\000g}{chapter.8}% 200
\BOOKMARK [1][-]{section.8.11}{\376\377\000E\000g\000e\000n\000v\000\344\000r\000d\000e\000n\000\040\000o\000c\000h\000\040\000e\000g\000e\000n\000v\000e\000k\000t\000o\000r\000e\000r}{chapter.8}% 201
\BOOKMARK [1][-]{section.8.12}{\376\377\000D\000i\000a\000g\000o\000n\000a\000l\000i\000s\000e\000r\000i\000n\000g}{chapter.8}% 202
\BOOKMARK [1][-]{section.8.13}{\376\377\000I\000n\000r\000e\000\040\000p\000r\000o\000d\000u\000k\000r\000u\000m}{chapter.8}% 203
\BOOKMARK [1][-]{section.8.14}{\376\377\000S\000y\000m\000e\000t\000r\000i\000s\000k\000a\000\040\000o\000c\000h\000\040\000p\000o\000s\000i\000t\000i\000v\000a\000\040\000d\000e\000f\000i\000n\000i\000t\000a\000\040\000m\000a\000t\000r\000i\000s\000e\000r}{chapter.8}% 204
\BOOKMARK [1][-]{section.8.15}{\376\377\000O\000n\000-\000b\000a\000s\000e\000r\000\040\000o\000c\000h\000\040\000G\000r\000a\000m\000-\000S\000c\000h\000m\000i\000d\000t\000-\000o\000r\000t\000o\000n\000o\000r\000m\000a\000l\000i\000s\000e\000r\000i\000n\000g}{chapter.8}% 205
\BOOKMARK [1][-]{section.8.16}{\376\377\000I\000s\000o\000m\000e\000t\000r\000i\000s\000k\000a\000\040\000a\000v\000b\000i\000l\000d\000n\000i\000n\000g\000a\000r\000\040\000o\000c\000h\000\040\000s\000p\000e\000k\000t\000r\000a\000l\000s\000a\000t\000s\000e\000n}{chapter.8}% 206
\BOOKMARK [1][-]{section.8.17}{\376\377\000A\000n\000d\000r\000a\000g\000r\000a\000d\000s\000k\000u\000r\000v\000o\000r\000\040\000o\000c\000h\000\040\000a\000n\000d\000r\000a\000g\000r\000a\000d\000s\000y\000t\000o\000r}{chapter.8}% 207
\BOOKMARK [1][-]{section.8.18}{\376\377\000S\000y\000s\000t\000e\000m\000\040\000a\000v\000\040\000l\000i\000n\000j\000\344\000r\000a\000\040\000d\000i\000f\000f\000e\000r\000e\000n\000t\000i\000a\000l\000e\000k\000v\000a\000t\000i\000o\000n\000e\000r}{chapter.8}% 208
\BOOKMARK [0][-]{chapter.9}{\376\377\000C\000o\000m\000p\000u\000t\000e\000r\000\040\000S\000y\000s\000t\000e\000m\000\040\000w\000i\000t\000h\000\040\000P\000r\000o\000j\000e\000c\000t\000\040\000W\000o\000r\000k}{}% 209
\BOOKMARK [1][-]{section.9.1}{\376\377\000M\0001}{chapter.9}% 210
\BOOKMARK [2][-]{subsection.9.1.1}{\376\377\000C\000P\000U}{section.9.1}% 211
\BOOKMARK [2][-]{subsection.9.1.2}{\376\377\000R\000e\000g\000i\000s\000t\000e\000r}{section.9.1}% 212
\BOOKMARK [2][-]{subsection.9.1.3}{\376\377\000M\000e\000m\000o\000r\000y}{section.9.1}% 213
\BOOKMARK [2][-]{subsection.9.1.4}{\376\377\000C\000P\000U\000\040\000c\000o\000n\000t\000e\000x\000t}{section.9.1}% 214
\BOOKMARK [2][-]{subsection.9.1.5}{\376\377\000M\000e\000m\000o\000r\000y\000\040\000a\000l\000l\000o\000c\000a\000t\000i\000o\000n}{section.9.1}% 215
\BOOKMARK [2][-]{subsection.9.1.6}{\376\377\000K\000e\000r\000n\000a\000l}{section.9.1}% 216
\BOOKMARK [2][-]{subsection.9.1.7}{\376\377\000M\000u\000l\000t\000i\000p\000r\000o\000g\000r\000a\000m\000m\000i\000n\000g}{section.9.1}% 217
\BOOKMARK [1][-]{section.9.2}{\376\377\000M\0002}{chapter.9}% 218
\BOOKMARK [2][-]{subsection.9.2.1}{\376\377\000N\000e\000t\000w\000o\000r\000k\000\040\000c\000o\000m\000m\000u\000n\000i\000c\000a\000t\000i\000o\000n}{section.9.2}% 219
\BOOKMARK [2][-]{subsection.9.2.2}{\376\377\000P\000r\000o\000s\000s\000e\000s\000s\000e\000s}{section.9.2}% 220
\BOOKMARK [1][-]{section.9.3}{\376\377\000M\0003}{chapter.9}% 221
\BOOKMARK [2][-]{subsection.9.3.1}{\376\377\000D\000i\000s\000p\000a\000t\000c\000h\000e\000r}{section.9.3}% 222
\BOOKMARK [2][-]{subsection.9.3.2}{\376\377\000P\000S\000B}{section.9.3}% 223
\BOOKMARK [2][-]{subsection.9.3.3}{\376\377\000I\000O\000\040\000b\000o\000u\000n\000d\000/\000C\000P\000U\000\040\000b\000o\000u\000n\000d}{section.9.3}% 224
\BOOKMARK [2][-]{subsection.9.3.4}{\376\377\000S\000c\000h\000e\000d\000u\000l\000a\000r\000\040\000a\000l\000g\000o\000r\000i\000t\000h\000e\000m\000s}{section.9.3}% 225
\BOOKMARK [1][-]{section.9.4}{\376\377\000M\0004}{chapter.9}% 226
\BOOKMARK [2][-]{subsection.9.4.1}{\376\377\000C\000o\000n\000c\000u\000r\000r\000e\000n\000c\000y}{section.9.4}% 227
\BOOKMARK [2][-]{subsection.9.4.2}{\376\377\000P\000a\000r\000a\000l\000l\000e\000l\000i\000s\000m}{section.9.4}% 228
\BOOKMARK [2][-]{subsection.9.4.3}{\376\377\000C\000l\000i\000e\000n\000t\000-\000S\000e\000r\000v\000e\000r\000\040\000m\000o\000d\000l\000e}{section.9.4}% 229
\BOOKMARK [2][-]{subsection.9.4.4}{\376\377\000T\000h\000r\000e\000a\000d\000s}{section.9.4}% 230
\BOOKMARK [2][-]{subsection.9.4.5}{\376\377\000L\000o\000c\000k\000s}{section.9.4}% 231
\BOOKMARK [2][-]{subsection.9.4.6}{\376\377\000S\000p\000i\000n\000l\000o\000c\000k}{section.9.4}% 232
\BOOKMARK [2][-]{subsection.9.4.7}{\376\377\000T\000e\000s\000t\000A\000n\000d\000S\000e\000t}{section.9.4}% 233
\BOOKMARK [2][-]{subsection.9.4.8}{\376\377\000S\000w\000a\000p}{section.9.4}% 234
\BOOKMARK [2][-]{subsection.9.4.9}{\376\377\000B\000o\000u\000n\000d\000e\000d\000\040\000w\000a\000i\000t\000i\000n\000g}{section.9.4}% 235
\BOOKMARK [2][-]{subsection.9.4.10}{\376\377\000S\000e\000m\000a\000p\000h\000o\000r\000e\000s}{section.9.4}% 236
\BOOKMARK [2][-]{subsection.9.4.11}{\376\377\000M\000u\000t\000e\000x\000\040\000l\000o\000c\000k}{section.9.4}% 237
\BOOKMARK [2][-]{subsection.9.4.12}{\376\377\000D\000e\000a\000d\000l\000o\000c\000k}{section.9.4}% 238
\BOOKMARK [2][-]{subsection.9.4.13}{\376\377\000M\000u\000t\000u\000a\000l\000\040\000e\000x\000c\000l\000u\000s\000i\000o\000n}{section.9.4}% 239
\BOOKMARK [2][-]{subsection.9.4.14}{\376\377\000D\000e\000a\000d\000l\000o\000c\000k\000\040\000p\000r\000e\000v\000e\000n\000t\000i\000o\000n}{section.9.4}% 240
\BOOKMARK [2][-]{subsection.9.4.15}{\376\377\000D\000e\000a\000d\000l\000o\000c\000k\000\040\000a\000v\000o\000i\000d\000a\000n\000c\000e}{section.9.4}% 241
\BOOKMARK [2][-]{subsection.9.4.16}{\376\377\000C\000l\000o\000c\000k\000\040\000S\000y\000n\000c\000h\000r\000o\000n\000i\000z\000a\000t\000i\000o\000n}{section.9.4}% 242
\BOOKMARK [2][-]{subsection.9.4.17}{\376\377\000M\000u\000t\000u\000a\000l\000\040\000e\000x\000c\000l\000u\000s\000i\000o\000n}{section.9.4}% 243
\BOOKMARK [2][-]{subsection.9.4.18}{\376\377\000D\000e\000s\000i\000r\000e\000d\000\040\000p\000r\000o\000p\000e\000r\000t\000i\000e\000s\000\040\000o\000f\000\040\000T\000r\000a\000n\000s\000a\000c\000t\000i\000o\000n\000s}{section.9.4}% 244
\BOOKMARK [2][-]{subsection.9.4.19}{\376\377\000W\000i\000F\000i}{section.9.4}% 245
\BOOKMARK [2][-]{subsection.9.4.20}{\376\377\000B\000l\000u\000e\000t\000o\000o\000t\000h}{section.9.4}% 246
\BOOKMARK [2][-]{subsection.9.4.21}{\376\377\000I\000S\000M\000-\000b\000a\000n\000d}{section.9.4}% 247
\BOOKMARK [2][-]{subsection.9.4.22}{\376\377\000P\000r\000o\000p\000e\000r\000t\000i\000e\000s\000\040\000o\000f\000\040\000a\000\040\000m\000e\000d\000i\000u\000m}{section.9.4}% 248
\BOOKMARK [2][-]{subsection.9.4.23}{\376\377\000S\000a\000m\000p\000l\000i\000n\000g}{section.9.4}% 249
\BOOKMARK [2][-]{subsection.9.4.24}{\376\377\000M\000u\000l\000t\000i\000t\000h\000r\000e\000a\000d\000i\000n\000g\000\040\000m\000o\000d\000e\000l\000s}{section.9.4}% 250
\BOOKMARK [2][-]{subsection.9.4.25}{\376\377\000B\000o\000u\000n\000d\000e\000d\000\040\000b\000u\000f\000f\000e\000r}{section.9.4}% 251
\BOOKMARK [2][-]{subsection.9.4.26}{\376\377\000P\000r\000i\000o\000r\000i\000t\000y\000\040\000i\000n\000v\000e\000r\000s\000i\000o\000n}{section.9.4}% 252
\BOOKMARK [1][-]{section.9.5}{\376\377\000M\0005}{chapter.9}% 253
\BOOKMARK [2][-]{subsection.9.5.1}{\376\377\000S\000i\000n\000g\000l\000e\000\040\000c\000o\000n\000t\000i\000g\000u\000o\000u\000s}{section.9.5}% 254
\BOOKMARK [2][-]{subsection.9.5.2}{\376\377\000S\000w\000a\000p\000p\000i\000n\000g}{section.9.5}% 255
\BOOKMARK [2][-]{subsection.9.5.3}{\376\377\000M\000e\000m\000o\000r\000y\000\040\000r\000e\000s\000i\000d\000e\000n\000t}{section.9.5}% 256
\BOOKMARK [2][-]{subsection.9.5.4}{\376\377\000P\000a\000r\000t\000i\000t\000i\000o\000n\000e\000d\000\040\000a\000l\000l\000o\000c\000a\000t\000i\000o\000n}{section.9.5}% 257
\BOOKMARK [2][-]{subsection.9.5.5}{\376\377\000L\000o\000g\000i\000c\000a\000l\000\040\000a\000d\000d\000r\000e\000s\000s\000\040\000s\000p\000a\000c\000e}{section.9.5}% 258
\BOOKMARK [2][-]{subsection.9.5.6}{\376\377\000A\000d\000d\000r\000e\000s\000s\000\040\000b\000i\000n\000d\000i\000n\000g}{section.9.5}% 259
\BOOKMARK [2][-]{subsection.9.5.7}{\376\377\000M\000e\000m\000o\000r\000y\000\040\000m\000a\000n\000a\000g\000e\000m\000e\000n\000t\000\040\000u\000n\000i\000t\000\040\000\050\000M\000M\000U\000\051}{section.9.5}% 260
\BOOKMARK [2][-]{subsection.9.5.8}{\376\377\000F\000r\000a\000g\000m\000e\000n\000t\000a\000t\000i\000o\000n}{section.9.5}% 261
\BOOKMARK [2][-]{subsection.9.5.9}{\376\377\000C\000o\000m\000p\000a\000c\000t\000i\000o\000n}{section.9.5}% 262
\BOOKMARK [2][-]{subsection.9.5.10}{\376\377\000M\000e\000m\000o\000r\000y\000\040\000p\000r\000o\000t\000e\000c\000t\000i\000o\000n}{section.9.5}% 263
\BOOKMARK [2][-]{subsection.9.5.11}{\376\377\000S\000h\000a\000r\000e\000d\000\040\000p\000a\000g\000e\000s}{section.9.5}% 264
\BOOKMARK [2][-]{subsection.9.5.12}{\376\377\000T\000r\000a\000n\000s\000l\000a\000t\000i\000o\000n\000\040\000l\000o\000o\000k\000a\000s\000i\000d\000e\000\040\000b\000u\000f\000f\000e\000r}{section.9.5}% 265
\BOOKMARK [2][-]{subsection.9.5.13}{\376\377\000O\000p\000e\000r\000a\000t\000i\000n\000g\000\040\000S\000y\000s\000t\000e\000m}{section.9.5}% 266
\BOOKMARK [2][-]{subsection.9.5.14}{\376\377\000A\000c\000c\000e\000s\000s\000\040\000m\000e\000t\000h\000o\000d\000s}{section.9.5}% 267
\BOOKMARK [2][-]{subsection.9.5.15}{\376\377\000R\000A\000M}{section.9.5}% 268
\BOOKMARK [2][-]{subsection.9.5.16}{\376\377\000V\000o\000l\000a\000t\000i\000l\000e\000\040\000m\000e\000m\000o\000r\000y}{section.9.5}% 269
\BOOKMARK [2][-]{subsection.9.5.17}{\376\377\000P\000e\000r\000s\000i\000s\000t\000e\000n\000t\000\040\000d\000a\000t\000a\000\040\000s\000t\000o\000r\000a\000g\000e}{section.9.5}% 270
\BOOKMARK [2][-]{subsection.9.5.18}{\376\377\000T\000h\000e\000\040\000f\000i\000l\000e}{section.9.5}% 271
\BOOKMARK [2][-]{subsection.9.5.19}{\376\377\000B\000l\000o\000c\000k\000\040\000d\000a\000t\000a\000\040\000s\000t\000o\000r\000a\000g\000e}{section.9.5}% 272
\BOOKMARK [2][-]{subsection.9.5.20}{\376\377\000F\000i\000l\000e\000\040\000c\000o\000n\000t\000r\000o\000l\000\040\000b\000l\000o\000c\000k}{section.9.5}% 273
\BOOKMARK [2][-]{subsection.9.5.21}{\376\377\000D\000i\000r\000e\000c\000t\000o\000r\000y}{section.9.5}% 274
\BOOKMARK [2][-]{subsection.9.5.22}{\376\377\000C\000o\000n\000t\000i\000g\000u\000o\000u\000s\000\040\000a\000l\000l\000o\000c\000a\000t\000i\000o\000n}{section.9.5}% 275
\BOOKMARK [2][-]{subsection.9.5.23}{\376\377\000L\000i\000n\000k\000e\000d\000\040\000a\000l\000l\000o\000c\000a\000t\000i\000o\000n}{section.9.5}% 276
\BOOKMARK [2][-]{subsection.9.5.24}{\376\377\000I\000n\000d\000e\000x\000e\000d\000\040\000a\000l\000l\000o\000c\000a\000t\000i\000o\000n}{section.9.5}% 277
\BOOKMARK [2][-]{subsection.9.5.25}{\376\377\000F\000A\000T}{section.9.5}% 278
\BOOKMARK [2][-]{subsection.9.5.26}{\376\377\000i\000N\000o\000d\000e}{section.9.5}% 279
\BOOKMARK [2][-]{subsection.9.5.27}{\376\377\000D\000i\000r\000e\000c\000t\000o\000r\000y}{section.9.5}% 280
\BOOKMARK [2][-]{subsection.9.5.28}{\376\377\000M\0006}{section.9.5}% 281
\BOOKMARK [2][-]{subsection.9.5.29}{\376\377\000C\000l\000a\000s\000s\000i\000c\000\040\000h\000i\000s\000t\000o\000r\000i\000c\000a\000l\000\040\000c\000i\000p\000h\000e\000r\000s}{section.9.5}% 282
\BOOKMARK [2][-]{subsection.9.5.30}{\376\377\000M\000o\000d\000e\000r\000n\000\040\000c\000r\000y\000p\000t\000o\000g\000r\000a\000p\000h\000y}{section.9.5}% 283
\BOOKMARK [2][-]{subsection.9.5.31}{\376\377\000P\000u\000b\000l\000i\000c\000\040\000k\000e\000y\000\040\000e\000x\000c\000h\000a\000n\000g\000e}{section.9.5}% 284
\BOOKMARK [2][-]{subsection.9.5.32}{\376\377\000C\000e\000r\000t\000i\000f\000i\000c\000a\000t\000i\000o\000n\000\040\000A\000u\000t\000h\000o\000r\000i\000t\000y\000\040\000\050\000C\000A\000\051}{section.9.5}% 285
\BOOKMARK [2][-]{subsection.9.5.33}{\376\377\000C\000h\000a\000i\000n\000\040\000o\000f\000\040\000t\000r\000u\000s\000t}{section.9.5}% 286
\BOOKMARK [2][-]{subsection.9.5.34}{\376\377\000S\000e\000l\000f\000-\000i\000s\000s\000u\000e\000d\000\040\000c\000e\000r\000t\000i\000f\000i\000c\000a\000t\000e\000s}{section.9.5}% 287
\BOOKMARK [2][-]{subsection.9.5.35}{\376\377\000U\000s\000a\000g\000e\000\040\000o\000f\000\040\000m\000o\000d\000e\000r\000n\000\040\000c\000r\000y\000p\000t\000o\000g\000r\000a\000p\000h\000y}{section.9.5}% 288
\BOOKMARK [2][-]{subsection.9.5.36}{\376\377\000M\000a\000n\000-\000i\000n\000-\000m\000i\000d\000d\000l\000e\000\040\000a\000t\000t\000a\000c\000k}{section.9.5}% 289
\BOOKMARK [2][-]{subsection.9.5.37}{\376\377\000C\000h\000o\000s\000e\000n\000-\000p\000l\000a\000i\000n\000t\000e\000x\000t\000\040\000a\000t\000t\000a\000c\000k}{section.9.5}% 290
\BOOKMARK [2][-]{subsection.9.5.38}{\376\377\000S\000i\000d\000e\000-\000c\000h\000a\000n\000n\000e\000l\000\040\000a\000t\000t\000a\000c\000k}{section.9.5}% 291
\BOOKMARK [2][-]{subsection.9.5.39}{\376\377\000R\000e\000p\000l\000a\000y\000\040\000a\000t\000t\000a\000c\000k}{section.9.5}% 292
\BOOKMARK [2][-]{subsection.9.5.40}{\376\377\000S\000e\000c\000u\000r\000i\000t\000y\000\040\000i\000n\000\040\000t\000h\000e\000\040\000I\000n\000t\000e\000r\000n\000e\000t\000\040\000s\000t\000a\000c\000k}{section.9.5}% 293
\BOOKMARK [2][-]{subsection.9.5.41}{\376\377\000F\000i\000r\000e\000w\000a\000l\000l}{section.9.5}% 294
\BOOKMARK [0][-]{chapter.10}{\376\377\000S\000y\000s\000t\000e\000m\000\040\000D\000e\000s\000i\000g\000n\000\040\000w\000i\000t\000h\000\040\000U\000s\000e\000r\000\040\000P\000e\000r\000s\000p\000e\000c\000t\000i\000v\000e}{}% 295
\BOOKMARK [1][-]{section.10.1}{\376\377\000D\000o\000c\000u\000m\000e\000n\000t\000a\000t\000i\000o\000n}{chapter.10}% 296
\BOOKMARK [2][-]{subsection.10.1.1}{\376\377\000I\000m\000p\000l\000i\000c\000i\000t\000\040\000d\000o\000c\000u\000m\000e\000n\000t\000a\000t\000i\000o\000n}{section.10.1}% 297
\BOOKMARK [2][-]{subsection.10.1.2}{\376\377\000I\000m\000p\000l\000i\000c\000i\000t\000\040\000d\000o\000c\000u\000m\000e\000n\000t\000a\000t\000i\000o\000n}{section.10.1}% 298
\BOOKMARK [1][-]{section.10.2}{\376\377\000H\000u\000m\000a\000n\000\040\000f\000a\000c\000t\000o\000r\000s}{chapter.10}% 299
\BOOKMARK [2][-]{subsection.10.2.1}{\376\377\000C\000o\000l\000o\000r\000\040\000c\000o\000m\000b\000i\000n\000a\000t\000i\000o\000n\000s}{section.10.2}% 300
\BOOKMARK [2][-]{subsection.10.2.2}{\376\377\000P\000e\000r\000s\000o\000n\000a\000s}{section.10.2}% 301
\BOOKMARK [2][-]{subsection.10.2.3}{\376\377\000M\000e\000m\000o\000r\000y}{section.10.2}% 302
\BOOKMARK [2][-]{subsection.10.2.4}{\376\377\000W\000h\000a\000t\000\040\000i\000s\000\040\000n\000e\000e\000d\000e\000d\000\040\000t\000o\000\040\000d\000e\000s\000i\000n\000g\000\040\000a\000\040\000s\000y\000s\000t\000e\000m\000?}{section.10.2}% 303
\BOOKMARK [1][-]{section.10.3}{\376\377\000M\000o\000d\000e\000l\000-\000V\000i\000e\000w\000-\000C\000o\000n\000t\000r\000o\000l}{chapter.10}% 304
\BOOKMARK [0][-]{chapter.11}{\376\377\000P\000r\000o\000b\000a\000b\000i\000l\000i\000t\000y\000\040\000a\000n\000d\000\040\000S\000t\000a\000t\000i\000s\000t\000i\000c\000s\000\040\000D\000V}{}% 305
\BOOKMARK [1][-]{section.11.1}{\376\377\000S\000t\000a\000t\000i\000s\000t\000i\000s\000k\000\040\000m\000\345\000t\000t\000\040\000o\000c\000h\000\040\000b\000e\000g\000r\000e\000p\000p\000e\000t\000\040\000s\000a\000n\000n\000o\000l\000i\000k\000h\000e\000t}{chapter.11}% 306
\BOOKMARK [2][-]{subsection.11.1.1}{\376\377\000B\000e\000g\000r\000e\000p\000p}{section.11.1}% 307
\BOOKMARK [1][-]{section.11.2}{\376\377\000S\000a\000n\000n\000o\000l\000i\000k\000h\000e\000t\000e\000r\000\040\000o\000c\000h\000\040\000s\000l\000u\000m\000p\000v\000a\000r\000i\000a\000b\000l\000e\000r}{chapter.11}% 308
\BOOKMARK [2][-]{subsection.11.2.1}{\376\377\000B\000e\000t\000i\000n\000g\000a\000d\000e\000\040\000s\000a\000n\000n\000o\000l\000i\000k\000h\000e\000t\000e\000r}{section.11.2}% 309
\BOOKMARK [2][-]{subsection.11.2.2}{\376\377\000K\000e\000d\000j\000e\000r\000\040\000a\000v\000\040\000h\000\344\000n\000d\000e\000l\000s\000e}{section.11.2}% 310
\BOOKMARK [2][-]{subsection.11.2.3}{\376\377\000O\000b\000e\000r\000o\000n\000d\000e\000\040\000h\000\344\000n\000d\000e\000l\000s\000e\000r}{section.11.2}% 311
\BOOKMARK [1][-]{section.11.3}{\376\377\000F\000\366\000r\000d\000e\000l\000n\000i\000n\000g\000a\000r}{chapter.11}% 312
\BOOKMARK [2][-]{subsection.11.3.1}{\376\377\000B\000i\000n\000o\000m\000i\000a\000l\000-\000f\000\366\000r\000d\000e\000l\000n\000i\000n\000g\000a\000r}{section.11.3}% 313
\BOOKMARK [2][-]{subsection.11.3.2}{\376\377\000P\000o\000s\000s\000i\000o\000n\000-\000f\000\366\000r\000d\000e\000l\000n\000i\000n\000g\000a\000r}{section.11.3}% 314
\BOOKMARK [2][-]{subsection.11.3.3}{\376\377\000L\000i\000k\000f\000o\000r\000m\000i\000g\000/\000r\000e\000k\000t\000a\000n\000g\000u\000l\000\344\000r\000-\000f\000\366\000r\000d\000e\000l\000n\000i\000n\000g\000a\000r}{section.11.3}% 315
\BOOKMARK [2][-]{subsection.11.3.4}{\376\377\000E\000x\000p\000o\000n\000e\000n\000t\000i\000a\000l\000-\000f\000\366\000r\000d\000e\000l\000n\000i\000n\000g\000a\000r}{section.11.3}% 316
\BOOKMARK [2][-]{subsection.11.3.5}{\376\377\000N\000o\000r\000m\000a\000l\000f\000\366\000r\000d\000e\000l\000n\000i\000n\000g\000-\000f\000\366\000r\000d\000e\000l\000n\000i\000n\000g\000a\000r}{section.11.3}% 317
\BOOKMARK [2][-]{subsection.11.3.6}{\376\377\000L\000\344\000g\000e\000s\000\040\000o\000c\000h\000\040\000s\000p\000r\000i\000d\000n\000i\000n\000g\000s\000m\000\345\000t\000t}{section.11.3}% 318
\BOOKMARK [1][-]{section.11.4}{\376\377\000O\000l\000i\000k\000h\000e\000t\000e\000r}{chapter.11}% 319
\BOOKMARK [2][-]{subsection.11.4.1}{\376\377\000M\000a\000r\000k\000o\000v\000s\000\040\000o\000l\000i\000k\000h\000e\000t}{section.11.4}% 320
\BOOKMARK [2][-]{subsection.11.4.2}{\376\377\000T\000h\000e\000b\000y\000s\000j\000o\000v\000s\000\040\000o\000l\000i\000k\000h\000e\000t\000\040\000\050\000c\000h\000e\000b\000y\000s\000h\000e\000v\000\051}{section.11.4}% 321
\BOOKMARK [2][-]{subsection.11.4.3}{\376\377\000F\000\366\000r\000d\000e\000l\000n\000i\000n\000g\000s\000\040\000f\000u\000n\000c\000t\000i\000o\000n\000e\000r}{section.11.4}% 322
\BOOKMARK [2][-]{subsection.11.4.4}{\376\377\000O\000b\000e\000r\000o\000n\000e\000d\000e\000\040\000s\000l\000u\000p\000v\000a\000r\000i\000a\000b\000e\000l}{section.11.4}% 323
\BOOKMARK [2][-]{subsection.11.4.5}{\376\377\000F\000\366\000r\000d\000e\000l\000n\000i\000n\000g\000\040\000a\000v\000\040\000s\000u\000m\000m\000o\000r}{section.11.4}% 324
\BOOKMARK [2][-]{subsection.11.4.6}{\376\377\000C\000e\000n\000t\000r\000a\000l\000\040\000g\000r\000\344\000n\000s\000v\000\344\000r\000d\000e\000s\000s\000a\000t\000s\000e\000n\000\040\000\050\000C\000G\000S\000\051}{section.11.4}% 325
\BOOKMARK [1][-]{section.11.5}{\376\377\000S\000i\000m\000u\000l\000e\000r\000i\000n\000g\000\040\000a\000v\000\040\000s\000l\000u\000m\000p\000t\000a\000l}{chapter.11}% 326
\BOOKMARK [2][-]{subsection.11.5.1}{\376\377\000\344\000k\000t\000a\000\040\000s\000l\000u\000m\000m\000p\000m\000\344\000s\000s\000i\000g\000a\000\040\000t\000a\000l}{section.11.5}% 327
\BOOKMARK [2][-]{subsection.11.5.2}{\376\377\000P\000s\000e\000u\000d\000o\000s\000l\000u\000m\000p\000m\000\344\000s\000s\000i\000g\000a\000\040\000t\000a\000l}{section.11.5}% 328
\BOOKMARK [1][-]{section.11.6}{\376\377\000S\000t\000a\000t\000i\000s\000t\000i\000k\000e\000n\000s\000\040\000g\000r\000u\000n\000d\000e\000r}{chapter.11}% 329
\BOOKMARK [2][-]{subsection.11.6.1}{\376\377\000A\000l\000l\000m\000\344\000n\000t}{section.11.6}% 330
\BOOKMARK [2][-]{subsection.11.6.2}{\376\377\000M\000e\000d\000e\000l\000f\000e\000l}{section.11.6}% 331
\BOOKMARK [2][-]{subsection.11.6.3}{\376\377\000S\000k\000a\000t\000t\000n\000i\000n\000g\000\040\000a\000v\000\040\000v\000a\000r\000i\000a\000n\000s}{section.11.6}% 332
\BOOKMARK [2][-]{subsection.11.6.4}{\376\377\000V\000\344\000n\000t\000e\000v\000\344\000r\000d\000s\000r\000i\000k\000t\000i\000g}{section.11.6}% 333
\BOOKMARK [2][-]{subsection.11.6.5}{\376\377\000K\000o\000n\000f\000i\000d\000e\000n\000s\000i\000n\000t\000e\000r\000v\000a\000l\000l\000\040\000f\000\366\000r\000\040\000\040\000f\000r\000\345\000n\000\040\000N\000\050\000,\0002\000\051\000\040\000m\000e\000d\000\040\000k\000\344\000n\000t\000\040}{section.11.6}% 334
\BOOKMARK [2][-]{subsection.11.6.6}{\376\377\000E\000x\000a\000m\000p\000l\000e}{section.11.6}% 335
\BOOKMARK [2][-]{subsection.11.6.7}{\376\377\000K\000o\000n\000f\000i\000d\000e\000n\000s\000i\000n\000t\000e\000r\000v\000a\000l\000l\000\040\000f\000\366\000r\000\040\000p\000\040\000f\000r\000\345\000n\000\040\000b\000i\000n\000o\000m\000i\000a\000l\000f\000\366\000r\000d\000e\000l\000a\000d}{section.11.6}% 336
\BOOKMARK [2][-]{subsection.11.6.8}{\376\377\000K\000o\000n\000f\000i\000d\000e\000n\000s\000i\000n\000t\000e\000r\000v\000a\000l\000l\000\040\000f\000\366\000r\000\040\000s\000k\000i\000l\000l\000n\000a\000d\000\040\000i\000\040\000v\000\344\000n\000t\000e\000v\000\344\000r\000d\000e\000\040}{section.11.6}% 337
\BOOKMARK [2][-]{subsection.11.6.9}{\376\377\000E\000n\000s\000i\000d\000i\000g\000a\000\040\000i\000n\000t\000e\000r\000v\000a\000l\000l}{section.11.6}% 338
\BOOKMARK [2][-]{subsection.11.6.10}{\376\377\000S\000t\000i\000c\000k\000p\000r\000o\000v\000\040\000i\000\040\000p\000a\000r}{section.11.6}% 339
\BOOKMARK [1][-]{section.11.7}{\376\377\000R\000e\000g\000r\000i\000s\000s\000i\000o\000n}{chapter.11}% 340
\BOOKMARK [2][-]{subsection.11.7.1}{\376\377\000M\000o\000d\000e\000l\000l}{section.11.7}% 341
\BOOKMARK [2][-]{subsection.11.7.2}{\376\377\000M\000o\000d\000e\000l\000l\000e\000n\000s\000\040\000g\000i\000l\000t\000i\000g\000h\000e\000t}{section.11.7}% 342
\BOOKMARK [2][-]{subsection.11.7.3}{\376\377\000A\000n\000v\000\344\000n\000d\000n\000i\000n\000g\000\040\000a\000g\000\040\000m\000o\000d\000e\000l\000l\000e\000n}{section.11.7}% 343
\BOOKMARK [1][-]{section.11.8}{\376\377\000S\000t\000o\000k\000a\000s\000t\000i\000s\000k\000a\000\040\000p\000r\000o\000c\000e\000s\000s\000e\000r}{chapter.11}% 344
\BOOKMARK [2][-]{subsection.11.8.1}{\376\377\000B\000o\000r\000n\000u\000l\000l\000i\000\040\000p\000r\000o\000c\000e\000s\000s\000e\000r}{section.11.8}% 345
\BOOKMARK [2][-]{subsection.11.8.2}{\376\377\000P\000o\000i\000s\000s\000o\000n\000\040\000p\000r\000o\000c\000e\000s\000s\000e\000r}{section.11.8}% 346
\BOOKMARK [1][-]{section.11.9}{\376\377\000M\000a\000r\000k\000o\000v\000k\000e\000d\000j\000o\000r}{chapter.11}% 347
\BOOKMARK [2][-]{subsection.11.9.1}{\376\377\000E\000h\000r\000e\000n\000f\000e\000s\000t\000m\000o\000d\000e\000l\000l\000e\000n}{section.11.9}% 348
\BOOKMARK [2][-]{subsection.11.9.2}{\376\377\000G\000o\000o\000g\000l\000e\000-\000k\000e\000d\000j\000a\000n}{section.11.9}% 349
\BOOKMARK [2][-]{subsection.11.9.3}{\376\377\000H\000a\000s\000h\000f\000u\000n\000k\000t\000i\000o\000n\000e\000r}{section.11.9}% 350
\BOOKMARK [2][-]{subsection.11.9.4}{\376\377\000K\000o\000l\000l\000i\000s\000i\000o\000n\000m\000o\000d\000o\000l\000l}{section.11.9}% 351
\BOOKMARK [2][-]{subsection.11.9.5}{\376\377\000M\000a\000r\000k\000o\000v\000\040\000B\000u\000f\000f\000e\000r\000/\000M\000a\000r\000k\000o\000v\000k\000\366}{section.11.9}% 352
\BOOKMARK [0][-]{chapter.12}{\376\377\000P\000r\000o\000b\000a\000b\000i\000l\000i\000t\000y\000\040\000a\000n\000d\000\040\000S\000t\000a\000t\000i\000s\000t\000i\000c\000s\000\040\000D\000V}{}% 353
\BOOKMARK [1][-]{section.12.1}{\376\377\000C\000i\000r\000c\000u\000i\000t\000\040\000T\000h\000e\000o\000r\000y}{chapter.12}% 354
\BOOKMARK [2][-]{subsection.12.1.1}{\376\377\000B\000a\000s\000i\000c\000\040\000e\000l\000e\000c\000t\000i\000c\000a\000l\000\040\000q\000u\000a\000n\000t\000i\000t\000i\000e\000s}{section.12.1}% 355
\BOOKMARK [2][-]{subsection.12.1.2}{\376\377\000P\000r\000e\000f\000i\000x\000e\000s}{section.12.1}% 356
\BOOKMARK [2][-]{subsection.12.1.3}{\376\377\000U\000n\000i\000t\000\040\000g\000r\000a\000m\000m\000a\000r}{section.12.1}% 357
\BOOKMARK [2][-]{subsection.12.1.4}{\376\377\000O\000h\000m\000'\000s\000\040\000l\000a\000w}{section.12.1}% 358
\BOOKMARK [2][-]{subsection.12.1.5}{\376\377\000C\000i\000r\000c\000u\000i\000t\000\040\000e\000l\000e\000m\000e\000n\000t\000s}{section.12.1}% 359
\BOOKMARK [2][-]{subsection.12.1.6}{\376\377\000C\000i\000r\000c\000u\000t\000\040\000t\000e\000r\000m\000e\000n\000o\000l\000o\000g\000y}{section.12.1}% 360
\BOOKMARK [2][-]{subsection.12.1.7}{\376\377\000S\000e\000r\000i\000e\000s\000\040\000R\000e\000s\000i\000s\000t\000o\000r}{section.12.1}% 361
\BOOKMARK [2][-]{subsection.12.1.8}{\376\377\000P\000a\000r\000r\000a\000l\000e\000l\000\040\000r\000e\000s\000i\000s\000t\000o\000r}{section.12.1}% 362
\BOOKMARK [2][-]{subsection.12.1.9}{\376\377\000S\000i\000m\000p\000l\000i\000f\000y\000\040\000r\000e\000s\000i\000s\000t\000o\000r\000\040\000n\000e\000t\000w\000o\000r\000k}{section.12.1}% 363
\BOOKMARK [2][-]{subsection.12.1.10}{\376\377\000V\000o\000l\000t\000a\000g\000e\000\040\000d\000i\000v\000i\000d\000e\000r}{section.12.1}% 364
\BOOKMARK [2][-]{subsection.12.1.11}{\376\377\000K\000i\000r\000c\000h\000h\000o\000f\000f\000'\000s\000\040\000l\000a\000w\000s}{section.12.1}% 365
\BOOKMARK [2][-]{subsection.12.1.12}{\376\377\000N\000o\000d\000e\000\040\000v\000o\000l\000t\000a\000g\000e\000\040\000m\000e\000t\000h\000o\000d}{section.12.1}% 366
\BOOKMARK [2][-]{subsection.12.1.13}{\376\377\000M\000e\000s\000h\000\040\000c\000u\000r\000r\000e\000n\000t\000\040\000m\000e\000t\000h\000o\000d}{section.12.1}% 367
\BOOKMARK [2][-]{subsection.12.1.14}{\376\377\000C\000a\000p\000a\000c\000i\000t\000o\000r\000\040\000i\000-\000v\000\040\000e\000q\000u\000a\000t\000i\000o\000n}{section.12.1}% 368
\BOOKMARK [2][-]{subsection.12.1.15}{\376\377\000i\000n\000d\000u\000c\000t\000o\000r\000\040\000i\000-\000v\000\040\000e\000q\000u\000a\000t\000i\000o\000n}{section.12.1}% 369
\BOOKMARK [2][-]{subsection.12.1.16}{\376\377\000R\000C\000\040\000c\000i\000r\000c\000u\000i\000t}{section.12.1}% 370
\BOOKMARK [1][-]{section.12.2}{\376\377\000A\000p\000l\000i\000f\000i\000e\000r}{chapter.12}% 371
\BOOKMARK [2][-]{subsection.12.2.1}{\376\377\000I\000n\000s\000i\000d\000e\000\040\000O\000p\000-\000A\000m\000p}{section.12.2}% 372
\BOOKMARK [2][-]{subsection.12.2.2}{\376\377\000I\000m\000p\000l\000e\000m\000e\000n\000t\000a\000t\000i\000o\000n\000\040\000o\000f\000\040\000O\000p\000-\000A\000m\000p}{section.12.2}% 373
\BOOKMARK [2][-]{subsection.12.2.3}{\376\377\000G\000e\000r\000n\000e\000r\000a\000l\000\040\000e\000x\000a\000m\000p\000l\000e}{section.12.2}% 374
\BOOKMARK [1][-]{section.12.3}{\376\377\000S\000e\000m\000i\000c\000o\000n\000d\000u\000c\000t\000o\000r\000s}{chapter.12}% 375
\BOOKMARK [2][-]{subsection.12.3.1}{\376\377\000D\000i\000o\000d\000e\000s}{section.12.3}% 376
\BOOKMARK [2][-]{subsection.12.3.2}{\376\377\000T\000r\000a\000n\000s\000i\000s\000t\000o\000r\000s}{section.12.3}% 377
\BOOKMARK [1][-]{section.12.4}{\376\377\000D\000i\000g\000i\000t\000a\000l\000\040\000C\000i\000r\000c\000u\000i\000t\000s\000:\000\040\000C\000o\000m\000b\000i\000n\000a\000t\000o\000r\000i\000a\000l\000\040\000a\000n\000d\000\040\000S\000e\000q\000u\000e\000n\000t\000i\000a\000l\000\040\000N\000e\000t\000w\000o\000r\000k\000s}{chapter.12}% 378
\BOOKMARK [2][-]{subsection.12.4.1}{\376\377\000C\000o\000m\000b\000i\000n\000a\000t\000i\000o\000n\000a\000l}{section.12.4}% 379
\BOOKMARK [2][-]{subsection.12.4.2}{\376\377\000S\000e\000q\000u\000e\000n\000t\000i\000a\000l}{section.12.4}% 380
\BOOKMARK [2][-]{subsection.12.4.3}{\376\377\000S\000h\000i\000f\000t\000\040\000r\000e\000g\000i\000s\000t\000e\000r\000s}{section.12.4}% 381
\BOOKMARK [2][-]{subsection.12.4.4}{\376\377\000M\000u\000l\000t\000i\000p\000l\000i\000x\000e\000r}{section.12.4}% 382
\BOOKMARK [1][-]{section.12.5}{\376\377\000A\000C\000\040\000C\000i\000r\000c\000u\000i\000t\000\040\000A\000n\000a\000l\000y\000s\000i\000s\000\040\000\046\000\040\000F\000i\000l\000t\000e\000r\000i\000n\000g}{chapter.12}% 383
\BOOKMARK [2][-]{subsection.12.5.1}{\376\377\000I\000m\000p\000e\000d\000a\000n\000c\000e}{section.12.5}% 384
\BOOKMARK [2][-]{subsection.12.5.2}{\376\377\000F\000i\000l\000t\000e\000r\000s}{section.12.5}% 385
